<?xml version="1.0" encoding="UTF-8"?>
<testsuite name="com.fontys.s3itproject.controller.ReservationControllerTest" tests="5" skipped="0" failures="0" errors="0" timestamp="2022-06-17T13:01:23" hostname="XPS" time="0.055">
  <properties/>
  <testcase name="getReservationsByGuest_shouldReturn200ResponseWithArrayOfGuestReservations()" classname="com.fontys.s3itproject.controller.ReservationControllerTest" time="0.017"/>
  <testcase name="createReservation_shouldNotCreateReservationAndReturn400Response_whenMissingFields()" classname="com.fontys.s3itproject.controller.ReservationControllerTest" time="0.019"/>
  <testcase name="getReservations_shouldReturn200ResponseWithArrayOfAllReservations()" classname="com.fontys.s3itproject.controller.ReservationControllerTest" time="0.005"/>
  <testcase name="createReservation_shouldCreateReservationAndReturn201Response_whenRequestValid()" classname="com.fontys.s3itproject.controller.ReservationControllerTest" time="0.006"/>
  <testcase name="reservationCheckIn_shouldUpdateCheckInStatusOfReservation()" classname="com.fontys.s3itproject.controller.ReservationControllerTest" time="0.007"/>
  <system-out><![CDATA[2022-06-17 15:01:21.922  INFO 23264 --- [    Test worker] .b.t.c.SpringBootTestContextBootstrapper : Neither @ContextConfiguration nor @ContextHierarchy found for test class [com.fontys.s3itproject.controller.ReservationControllerTest], using SpringBootContextLoader
2022-06-17 15:01:21.922  INFO 23264 --- [    Test worker] o.s.t.c.support.AbstractContextLoader    : Could not detect default resource locations for test class [com.fontys.s3itproject.controller.ReservationControllerTest]: no resource found for suffixes {-context.xml, Context.groovy}.
2022-06-17 15:01:21.922  INFO 23264 --- [    Test worker] t.c.s.AnnotationConfigContextLoaderUtils : Could not detect default configuration classes for test class [com.fontys.s3itproject.controller.ReservationControllerTest]: ReservationControllerTest does not declare any static, non-private, non-final, nested classes annotated with @Configuration.
2022-06-17 15:01:21.924  INFO 23264 --- [    Test worker] .b.t.c.SpringBootTestContextBootstrapper : Found @SpringBootConfiguration com.fontys.s3itproject.S3ItProjectApplication for test class com.fontys.s3itproject.controller.ReservationControllerTest
2022-06-17 15:01:21.924  INFO 23264 --- [    Test worker] .b.t.c.SpringBootTestContextBootstrapper : Loaded default TestExecutionListener class names from location [META-INF/spring.factories]: [org.springframework.security.test.context.support.WithSecurityContextTestExecutionListener, org.springframework.security.test.context.support.ReactorContextTestExecutionListener, org.springframework.boot.test.autoconfigure.restdocs.RestDocsTestExecutionListener, org.springframework.boot.test.autoconfigure.web.client.MockRestServiceServerResetTestExecutionListener, org.springframework.boot.test.autoconfigure.web.servlet.MockMvcPrintOnlyOnFailureTestExecutionListener, org.springframework.boot.test.autoconfigure.web.servlet.WebDriverTestExecutionListener, org.springframework.boot.test.autoconfigure.webservices.client.MockWebServiceServerTestExecutionListener, org.springframework.boot.test.mock.mockito.MockitoTestExecutionListener, org.springframework.boot.test.mock.mockito.ResetMocksTestExecutionListener, org.springframework.test.context.web.ServletTestExecutionListener, org.springframework.test.context.support.DirtiesContextBeforeModesTestExecutionListener, org.springframework.test.context.event.ApplicationEventsTestExecutionListener, org.springframework.test.context.support.DependencyInjectionTestExecutionListener, org.springframework.test.context.support.DirtiesContextTestExecutionListener, org.springframework.test.context.transaction.TransactionalTestExecutionListener, org.springframework.test.context.jdbc.SqlScriptsTestExecutionListener, org.springframework.test.context.event.EventPublishingTestExecutionListener]
2022-06-17 15:01:21.925  INFO 23264 --- [    Test worker] .b.t.c.SpringBootTestContextBootstrapper : Using TestExecutionListeners: [org.springframework.test.context.web.ServletTestExecutionListener@d97114f, org.springframework.test.context.support.DirtiesContextBeforeModesTestExecutionListener@16eaeb9, org.springframework.test.context.event.ApplicationEventsTestExecutionListener@2c73af71, org.springframework.boot.test.mock.mockito.MockitoTestExecutionListener@6c984d76, org.springframework.boot.test.autoconfigure.SpringBootDependencyInjectionTestExecutionListener@593034c3, org.springframework.test.context.support.DirtiesContextTestExecutionListener@2d5f523a, org.springframework.test.context.transaction.TransactionalTestExecutionListener@1ce668c7, org.springframework.test.context.jdbc.SqlScriptsTestExecutionListener@32bb65d0, org.springframework.security.test.context.support.WithSecurityContextTestExecutionListener@6a75c968, org.springframework.test.context.event.EventPublishingTestExecutionListener@3dec989e, org.springframework.security.test.context.support.ReactorContextTestExecutionListener@12637fb4, org.springframework.boot.test.autoconfigure.restdocs.RestDocsTestExecutionListener@7b9f1dcd, org.springframework.boot.test.autoconfigure.web.client.MockRestServiceServerResetTestExecutionListener@3fe5b55f, org.springframework.boot.test.autoconfigure.web.servlet.MockMvcPrintOnlyOnFailureTestExecutionListener@6614e255, org.springframework.boot.test.autoconfigure.web.servlet.WebDriverTestExecutionListener@6f03affc, org.springframework.boot.test.autoconfigure.webservices.client.MockWebServiceServerTestExecutionListener@6c71b6a4, org.springframework.boot.test.mock.mockito.ResetMocksTestExecutionListener@7eaca938]

  .   ____          _            __ _ _
 /\\ / ___'_ __ _ _(_)_ __  __ _ \ \ \ \
( ( )\___ | '_ | '_| | '_ \/ _` | \ \ \ \
 \\/  ___)| |_)| | | | | || (_| |  ) ) ) )
  '  |____| .__|_| |_|_| |_\__, | / / / /
 =========|_|==============|___/=/_/_/_/
 :: Spring Boot ::                (v2.6.4)

2022-06-17 15:01:21.943  INFO 23264 --- [    Test worker] c.f.s.c.ReservationControllerTest        : Starting ReservationControllerTest using Java 17.0.2 on XPS with PID 23264 (started by esthe in C:\Users\esthe\Desktop\s3-estherwolfs-it\s3-ITProject)
2022-06-17 15:01:21.944  INFO 23264 --- [    Test worker] c.f.s.c.ReservationControllerTest        : No active profile set, falling back to 1 default profile: "default"
2022-06-17 15:01:22.098  INFO 23264 --- [    Test worker] .s.d.r.c.RepositoryConfigurationDelegate : Bootstrapping Spring Data JPA repositories in DEFAULT mode.
2022-06-17 15:01:22.124  INFO 23264 --- [    Test worker] .s.d.r.c.RepositoryConfigurationDelegate : Finished Spring Data repository scanning in 25 ms. Found 7 JPA repository interfaces.
2022-06-17 15:01:22.183  INFO 23264 --- [    Test worker] trationDelegate$BeanPostProcessorChecker : Bean 'methodSecurityConfig' of type [com.fontys.s3itproject.configuration.security.MethodSecurityConfig$$EnhancerBySpringCGLIB$$64d4cdfd] is not eligible for getting processed by all BeanPostProcessors (for example: not eligible for auto-proxying)
2022-06-17 15:01:22.217  INFO 23264 --- [    Test worker] o.f.c.internal.license.VersionPrinter    : Flyway Community Edition 8.5.5 by Redgate
2022-06-17 15:01:22.217  INFO 23264 --- [    Test worker] o.f.c.internal.license.VersionPrinter    : See what's new here: https://flywaydb.org/documentation/learnmore/releaseNotes#8.5.5
2022-06-17 15:01:22.217  INFO 23264 --- [    Test worker] o.f.c.internal.license.VersionPrinter    : 
2022-06-17 15:01:22.218  INFO 23264 --- [    Test worker] com.zaxxer.hikari.HikariDataSource       : HikariPool-5 - Starting...
2022-06-17 15:01:22.231  INFO 23264 --- [    Test worker] com.zaxxer.hikari.HikariDataSource       : HikariPool-5 - Start completed.
2022-06-17 15:01:22.232  INFO 23264 --- [    Test worker] o.f.c.i.database.base.BaseDatabaseType   : Database: jdbc:mysql://localhost:3306/goldskye_hotel (MySQL 8.0)
2022-06-17 15:01:22.243  INFO 23264 --- [    Test worker] o.f.core.internal.command.DbValidate     : Successfully validated 3 migrations (execution time 00:00.004s)
2022-06-17 15:01:22.248  INFO 23264 --- [    Test worker] o.f.core.internal.command.DbMigrate      : Current version of schema `goldskye_hotel`: 3
2022-06-17 15:01:22.248  INFO 23264 --- [    Test worker] o.f.core.internal.command.DbMigrate      : Schema `goldskye_hotel` is up to date. No migration necessary.
2022-06-17 15:01:22.279  INFO 23264 --- [    Test worker] o.hibernate.jpa.internal.util.LogHelper  : HHH000204: Processing PersistenceUnitInfo [name: default]
2022-06-17 15:01:22.283  INFO 23264 --- [    Test worker] org.hibernate.dialect.Dialect            : HHH000400: Using dialect: org.hibernate.dialect.MySQL8Dialect
2022-06-17 15:01:22.344  INFO 23264 --- [    Test worker] o.h.e.t.j.p.i.JtaPlatformInitiator       : HHH000490: Using JtaPlatform implementation: [org.hibernate.engine.transaction.jta.platform.internal.NoJtaPlatform]
2022-06-17 15:01:22.345  INFO 23264 --- [    Test worker] j.LocalContainerEntityManagerFactoryBean : Initialized JPA EntityManagerFactory for persistence unit 'default'
2022-06-17 15:01:22.584  INFO 23264 --- [    Test worker] .s.s.UserDetailsServiceAutoConfiguration : 

Using generated security password: a81d8f3e-acf1-42a5-9c14-d680c5365877

2022-06-17 15:01:22.610  INFO 23264 --- [    Test worker] o.s.s.web.DefaultSecurityFilterChain     : Will not secure any request
2022-06-17 15:01:23.130  INFO 23264 --- [    Test worker] o.s.b.t.m.w.SpringBootMockServletContext : Initializing Spring TestDispatcherServlet ''
2022-06-17 15:01:23.130  INFO 23264 --- [    Test worker] o.s.t.web.servlet.TestDispatcherServlet  : Initializing Servlet ''
2022-06-17 15:01:23.130  INFO 23264 --- [    Test worker] o.s.t.web.servlet.TestDispatcherServlet  : Completed initialization in 0 ms
2022-06-17 15:01:23.137  INFO 23264 --- [    Test worker] o.s.m.s.b.SimpleBrokerMessageHandler     : Starting...
2022-06-17 15:01:23.137  INFO 23264 --- [    Test worker] o.s.m.s.b.SimpleBrokerMessageHandler     : BrokerAvailabilityEvent[available=true, SimpleBrokerMessageHandler [org.springframework.messaging.simp.broker.DefaultSubscriptionRegistry@2b63bb80]]
2022-06-17 15:01:23.138  INFO 23264 --- [    Test worker] o.s.m.s.b.SimpleBrokerMessageHandler     : Started.
2022-06-17 15:01:23.140  INFO 23264 --- [    Test worker] c.f.s.c.ReservationControllerTest        : Started ReservationControllerTest in 1.214 seconds (JVM running for 20.115)

MockHttpServletRequest:
      HTTP Method = GET
      Request URI = /api/reservations/1
       Parameters = {}
          Headers = []
             Body = null
    Session Attrs = {}

Handler:
             Type = com.fontys.s3itproject.controller.ReservationController
           Method = com.fontys.s3itproject.controller.ReservationController#getReservationsByGuest(long)

Async:
    Async started = false
     Async result = null

Resolved Exception:
             Type = null

ModelAndView:
        View name = null
             View = null
            Model = null

FlashMap:
       Attributes = null

MockHttpServletResponse:
           Status = 200
    Error message = null
          Headers = [Vary:"Origin", "Access-Control-Request-Method", "Access-Control-Request-Headers", Content-Type:"application/json", X-Content-Type-Options:"nosniff", X-XSS-Protection:"1; mode=block", Cache-Control:"no-cache, no-store, max-age=0, must-revalidate", Pragma:"no-cache", Expires:"0", X-Frame-Options:"DENY"]
     Content type = application/json
             Body = {"reservations":[{"id":1,"reservationDate":null,"checkInDate":null,"checkOutDate":null,"amountOfGuests":0,"guest":{"guestID":1,"firstName":null,"lastName":null},"totalPrice":0.0,"rooms":null,"checkedIn":false},{"id":2,"reservationDate":null,"checkInDate":null,"checkOutDate":null,"amountOfGuests":0,"guest":{"guestID":1,"firstName":null,"lastName":null},"totalPrice":0.0,"rooms":null,"checkedIn":false}]}
    Forwarded URL = null
   Redirected URL = null
          Cookies = []
2022-06-17 15:01:23.175 ERROR 23264 --- [    Test worker] c.f.s.c.e.RestCustomExceptionHandler     : MethodArgumentNotValidException with status status=400 BAD_REQUEST occurred error=org.springframework.web.bind.MethodArgumentNotValidException: Validation failed for argument [0] in public org.springframework.http.ResponseEntity<com.fontys.s3itproject.dto.CreateReservationResponseDTO> com.fontys.s3itproject.controller.ReservationController.createReservation(com.fontys.s3itproject.dto.CreateReservationRequestDTO) with 3 errors: [Field error in object 'createReservationRequestDTO' on field 'checkOutDate': rejected value [null]; codes [NotNull.createReservationRequestDTO.checkOutDate,NotNull.checkOutDate,NotNull.java.time.LocalDate,NotNull]; arguments [org.springframework.context.support.DefaultMessageSourceResolvable: codes [createReservationRequestDTO.checkOutDate,checkOutDate]; arguments []; default message [checkOutDate]]; default message [must not be null]] [Field error in object 'createReservationRequestDTO' on field 'amountOfGuests': rejected value [0]; codes [Min.createReservationRequestDTO.amountOfGuests,Min.amountOfGuests,Min.int,Min]; arguments [org.springframework.context.support.DefaultMessageSourceResolvable: codes [createReservationRequestDTO.amountOfGuests,amountOfGuests]; arguments []; default message [amountOfGuests],1]; default message [must be greater than or equal to 1]] [Field error in object 'createReservationRequestDTO' on field 'checkInDate': rejected value [null]; codes [NotNull.createReservationRequestDTO.checkInDate,NotNull.checkInDate,NotNull.java.time.LocalDate,NotNull]; arguments [org.springframework.context.support.DefaultMessageSourceResolvable: codes [createReservationRequestDTO.checkInDate,checkInDate]; arguments []; default message [checkInDate]]; default message [must not be null]] 

MockHttpServletRequest:
      HTTP Method = POST
      Request URI = /api/reservations
       Parameters = {}
          Headers = [Content-Type:"application/json;charset=UTF-8", Content-Length:"159"]
             Body =     {
        "checkInDate": "",
        "checkOutDate": "",
        "amountOfGuests": 0,
        "guestID": 0,
        "reservationRooms": [

        ]
    }

    Session Attrs = {}

Handler:
             Type = com.fontys.s3itproject.controller.ReservationController
           Method = com.fontys.s3itproject.controller.ReservationController#createReservation(CreateReservationRequestDTO)

Async:
    Async started = false
     Async result = null

Resolved Exception:
             Type = org.springframework.web.bind.MethodArgumentNotValidException

ModelAndView:
        View name = null
             View = null
            Model = null

FlashMap:
       Attributes = null

MockHttpServletResponse:
           Status = 400
    Error message = null
          Headers = [Vary:"Origin", "Access-Control-Request-Method", "Access-Control-Request-Headers", Content-Type:"application/json", X-Content-Type-Options:"nosniff", X-XSS-Protection:"1; mode=block", Cache-Control:"no-cache, no-store, max-age=0, must-revalidate", Pragma:"no-cache", Expires:"0", X-Frame-Options:"DENY"]
     Content type = application/json
             Body = [{"field":"checkOutDate","error":"must not be null"},{"field":"amountOfGuests","error":"must be greater than or equal to 1"},{"field":"checkInDate","error":"must not be null"}]
    Forwarded URL = null
   Redirected URL = null
          Cookies = []

MockHttpServletRequest:
      HTTP Method = GET
      Request URI = /api/reservations
       Parameters = {}
          Headers = []
             Body = null
    Session Attrs = {}

Handler:
             Type = com.fontys.s3itproject.controller.ReservationController
           Method = com.fontys.s3itproject.controller.ReservationController#getReservations()

Async:
    Async started = false
     Async result = null

Resolved Exception:
             Type = null

ModelAndView:
        View name = null
             View = null
            Model = null

FlashMap:
       Attributes = null

MockHttpServletResponse:
           Status = 200
    Error message = null
          Headers = [Vary:"Origin", "Access-Control-Request-Method", "Access-Control-Request-Headers", Content-Type:"application/json", X-Content-Type-Options:"nosniff", X-XSS-Protection:"1; mode=block", Cache-Control:"no-cache, no-store, max-age=0, must-revalidate", Pragma:"no-cache", Expires:"0", X-Frame-Options:"DENY"]
     Content type = application/json
             Body = {"reservations":[{"id":1,"reservationDate":null,"checkInDate":null,"checkOutDate":null,"amountOfGuests":0,"guest":null,"totalPrice":0.0,"rooms":null,"checkedIn":false},{"id":2,"reservationDate":null,"checkInDate":null,"checkOutDate":null,"amountOfGuests":0,"guest":null,"totalPrice":0.0,"rooms":null,"checkedIn":false}]}
    Forwarded URL = null
   Redirected URL = null
          Cookies = []

MockHttpServletRequest:
      HTTP Method = POST
      Request URI = /api/reservations
       Parameters = {}
          Headers = [Content-Type:"application/json;charset=UTF-8", Content-Length:"298"]
             Body =     {
        "checkInDate": "2022-10-31",
        "checkOutDate": "2022-11-02",
        "amountOfGuests": 2,
        "guestID": 1,
        "reservationRooms": [
            {
                "id": 1,
                "capacity": 2,
                "pricePerNight": 70
            }
        ]
    }

    Session Attrs = {}

Handler:
             Type = com.fontys.s3itproject.controller.ReservationController
           Method = com.fontys.s3itproject.controller.ReservationController#createReservation(CreateReservationRequestDTO)

Async:
    Async started = false
     Async result = null

Resolved Exception:
             Type = null

ModelAndView:
        View name = null
             View = null
            Model = null

FlashMap:
       Attributes = null

MockHttpServletResponse:
           Status = 201
    Error message = null
          Headers = [Vary:"Origin", "Access-Control-Request-Method", "Access-Control-Request-Headers", Content-Type:"application/json", X-Content-Type-Options:"nosniff", X-XSS-Protection:"1; mode=block", Cache-Control:"no-cache, no-store, max-age=0, must-revalidate", Pragma:"no-cache", Expires:"0", X-Frame-Options:"DENY"]
     Content type = application/json
             Body = {"reservationID":1}
    Forwarded URL = null
   Redirected URL = null
          Cookies = []

MockHttpServletRequest:
      HTTP Method = PUT
      Request URI = /api/reservations/1
       Parameters = {}
          Headers = []
             Body = null
    Session Attrs = {}

Handler:
             Type = com.fontys.s3itproject.controller.ReservationController
           Method = com.fontys.s3itproject.controller.ReservationController#reservationCheckIn(long)

Async:
    Async started = false
     Async result = null

Resolved Exception:
             Type = null

ModelAndView:
        View name = null
             View = null
            Model = null

FlashMap:
       Attributes = null

MockHttpServletResponse:
           Status = 204
    Error message = null
          Headers = [Vary:"Origin", "Access-Control-Request-Method", "Access-Control-Request-Headers", X-Content-Type-Options:"nosniff", X-XSS-Protection:"1; mode=block", Cache-Control:"no-cache, no-store, max-age=0, must-revalidate", Pragma:"no-cache", Expires:"0", X-Frame-Options:"DENY"]
     Content type = null
             Body = 
    Forwarded URL = null
   Redirected URL = null
          Cookies = []
]]></system-out>
  <system-err><![CDATA[]]></system-err>
</testsuite>
