<?xml version="1.0" encoding="UTF-8"?>
<testsuite name="com.fontys.s3itproject.business.impl.ReservationServiceImplTest" tests="13" skipped="0" failures="0" errors="0" timestamp="2022-06-17T09:25:00" hostname="XPS" time="0.062">
  <properties/>
  <testcase name="reservationCheckIn_shouldThrowUnauthorisedDataException_whenLoggedInUserIsNotEmployee()" classname="com.fontys.s3itproject.business.impl.ReservationServiceImplTest" time="0.037"/>
  <testcase name="getReservationsByGuest_shouldReturnAllReservationsByGuestID()" classname="com.fontys.s3itproject.business.impl.ReservationServiceImplTest" time="0.004"/>
  <testcase name="createReservation_shouldThrowInvalidGuestException_whenGuestNotFound()" classname="com.fontys.s3itproject.business.impl.ReservationServiceImplTest" time="0.002"/>
  <testcase name="createReservation_shouldThrowInvalidReservationException_whenCheckInDateIsAfterCheckOutDate()" classname="com.fontys.s3itproject.business.impl.ReservationServiceImplTest" time="0.001"/>
  <testcase name="reservationCheckIn_shouldUpdateCheckInStatusToFalse()" classname="com.fontys.s3itproject.business.impl.ReservationServiceImplTest" time="0.001"/>
  <testcase name="reservationCheckIn_shouldUpdateCheckInStatusToTrue()" classname="com.fontys.s3itproject.business.impl.ReservationServiceImplTest" time="0.002"/>
  <testcase name="getReservationsByGuest_shouldThrowInvalidGuestException_whenGuestNotFound()" classname="com.fontys.s3itproject.business.impl.ReservationServiceImplTest" time="0.002"/>
  <testcase name="getReservations_shouldReturnAllReservationsConvertedToDTO()" classname="com.fontys.s3itproject.business.impl.ReservationServiceImplTest" time="0.002"/>
  <testcase name="reservationCheckIn_shouldThrowInvalidReservationException_whenReservationNotFound()" classname="com.fontys.s3itproject.business.impl.ReservationServiceImplTest" time="0.002"/>
  <testcase name="createReservation_shouldSaveNewReservation()" classname="com.fontys.s3itproject.business.impl.ReservationServiceImplTest" time="0.004"/>
  <testcase name="createReservation_shouldThrowInvalidReservationException_whenAmountOfGuestsIsHigherThanTotalCapacity()" classname="com.fontys.s3itproject.business.impl.ReservationServiceImplTest" time="0.001"/>
  <testcase name="createReservation_shouldThrowInvalidReservationException_whenCheckInDateIsTheSameAsCheckOutDate()" classname="com.fontys.s3itproject.business.impl.ReservationServiceImplTest" time="0.001"/>
  <testcase name="createReservation_shouldThrowInvalidReservationException_whenCheckInDateIsBeforeToday()" classname="com.fontys.s3itproject.business.impl.ReservationServiceImplTest" time="0.001"/>
  <system-out><![CDATA[]]></system-out>
  <system-err><![CDATA[]]></system-err>
</testsuite>
