<?xml version="1.0" encoding="UTF-8"?>
<testsuite name="com.fontys.s3itproject.business.impl.LoginServiceImplTest" tests="3" skipped="0" failures="0" errors="0" timestamp="2022-06-17T13:01:15" hostname="XPS" time="0.015">
  <properties/>
  <testcase name="login_shouldReturnAccessToken_whenLoginIsSuccessful()" classname="com.fontys.s3itproject.business.impl.LoginServiceImplTest" time="0.011"/>
  <testcase name="login_shouldThrowInvalidCredentialsException_whenUsernameDoesntExist()" classname="com.fontys.s3itproject.business.impl.LoginServiceImplTest" time="0.002"/>
  <testcase name="login_shouldThrowInvalidCredentialsException_whenCredentialsAreInvalid()" classname="com.fontys.s3itproject.business.impl.LoginServiceImplTest" time="0.002"/>
  <system-out><![CDATA[]]></system-out>
  <system-err><![CDATA[]]></system-err>
</testsuite>
