<?xml version="1.0" encoding="UTF-8"?>
<testsuite name="com.fontys.s3itproject.controller.EmployeeControllerTest" tests="7" skipped="0" failures="0" errors="0" timestamp="2022-06-17T09:25:02" hostname="XPS" time="0.27">
  <properties/>
  <testcase name="getEmployees_shouldReturn200ResponseWithEmployeesArray()" classname="com.fontys.s3itproject.controller.EmployeeControllerTest" time="0.113"/>
  <testcase name="deleteEmployee_shouldReturn204_whenDeleteEmployee()" classname="com.fontys.s3itproject.controller.EmployeeControllerTest" time="0.013"/>
  <testcase name="getEmployee_shouldReturn404NotFoundError_whenEmployeeNotFound()" classname="com.fontys.s3itproject.controller.EmployeeControllerTest" time="0.008"/>
  <testcase name="createEmployee_shouldNotCreateEmployeeAndReturn400_WhenMissingFields()" classname="com.fontys.s3itproject.controller.EmployeeControllerTest" time="0.099"/>
  <testcase name="updateEmployee_shouldReturn204_whenUpdatingEmployee()" classname="com.fontys.s3itproject.controller.EmployeeControllerTest" time="0.014"/>
  <testcase name="getEmployee_shouldReturn200ResponseWithEmployee_whenEmployeeFound()" classname="com.fontys.s3itproject.controller.EmployeeControllerTest" time="0.008"/>
  <testcase name="createEmployee_shouldCreateEmployeeAndReturn201_whenRequestValid()" classname="com.fontys.s3itproject.controller.EmployeeControllerTest" time="0.011"/>
  <system-out><![CDATA[2022-06-17 11:25:00.607  INFO 6748 --- [    Test worker] .b.t.c.SpringBootTestContextBootstrapper : Neither @ContextConfiguration nor @ContextHierarchy found for test class [com.fontys.s3itproject.controller.EmployeeControllerTest], using SpringBootContextLoader
2022-06-17 11:25:00.608  INFO 6748 --- [    Test worker] o.s.t.c.support.AbstractContextLoader    : Could not detect default resource locations for test class [com.fontys.s3itproject.controller.EmployeeControllerTest]: no resource found for suffixes {-context.xml, Context.groovy}.
2022-06-17 11:25:00.608  INFO 6748 --- [    Test worker] t.c.s.AnnotationConfigContextLoaderUtils : Could not detect default configuration classes for test class [com.fontys.s3itproject.controller.EmployeeControllerTest]: EmployeeControllerTest does not declare any static, non-private, non-final, nested classes annotated with @Configuration.
2022-06-17 11:25:00.624  INFO 6748 --- [    Test worker] .b.t.c.SpringBootTestContextBootstrapper : Found @SpringBootConfiguration com.fontys.s3itproject.S3ItProjectApplication for test class com.fontys.s3itproject.controller.EmployeeControllerTest
2022-06-17 11:25:00.625  INFO 6748 --- [    Test worker] .b.t.c.SpringBootTestContextBootstrapper : Loaded default TestExecutionListener class names from location [META-INF/spring.factories]: [org.springframework.security.test.context.support.WithSecurityContextTestExecutionListener, org.springframework.security.test.context.support.ReactorContextTestExecutionListener, org.springframework.boot.test.autoconfigure.restdocs.RestDocsTestExecutionListener, org.springframework.boot.test.autoconfigure.web.client.MockRestServiceServerResetTestExecutionListener, org.springframework.boot.test.autoconfigure.web.servlet.MockMvcPrintOnlyOnFailureTestExecutionListener, org.springframework.boot.test.autoconfigure.web.servlet.WebDriverTestExecutionListener, org.springframework.boot.test.autoconfigure.webservices.client.MockWebServiceServerTestExecutionListener, org.springframework.boot.test.mock.mockito.MockitoTestExecutionListener, org.springframework.boot.test.mock.mockito.ResetMocksTestExecutionListener, org.springframework.test.context.web.ServletTestExecutionListener, org.springframework.test.context.support.DirtiesContextBeforeModesTestExecutionListener, org.springframework.test.context.event.ApplicationEventsTestExecutionListener, org.springframework.test.context.support.DependencyInjectionTestExecutionListener, org.springframework.test.context.support.DirtiesContextTestExecutionListener, org.springframework.test.context.transaction.TransactionalTestExecutionListener, org.springframework.test.context.jdbc.SqlScriptsTestExecutionListener, org.springframework.test.context.event.EventPublishingTestExecutionListener]
2022-06-17 11:25:00.626  INFO 6748 --- [    Test worker] .b.t.c.SpringBootTestContextBootstrapper : Using TestExecutionListeners: [org.springframework.test.context.web.ServletTestExecutionListener@62e9c551, org.springframework.test.context.support.DirtiesContextBeforeModesTestExecutionListener@5aa87486, org.springframework.test.context.event.ApplicationEventsTestExecutionListener@2d517e29, org.springframework.boot.test.mock.mockito.MockitoTestExecutionListener@58f0825e, org.springframework.boot.test.autoconfigure.SpringBootDependencyInjectionTestExecutionListener@749f075c, org.springframework.test.context.support.DirtiesContextTestExecutionListener@6d8a510d, org.springframework.test.context.transaction.TransactionalTestExecutionListener@4b8cdaa3, org.springframework.test.context.jdbc.SqlScriptsTestExecutionListener@17b243fe, org.springframework.security.test.context.support.WithSecurityContextTestExecutionListener@1b1b13b3, org.springframework.test.context.event.EventPublishingTestExecutionListener@24a63be4, org.springframework.security.test.context.support.ReactorContextTestExecutionListener@9d2a411, org.springframework.boot.test.autoconfigure.restdocs.RestDocsTestExecutionListener@c7abb66, org.springframework.boot.test.autoconfigure.web.client.MockRestServiceServerResetTestExecutionListener@4fbfb7d1, org.springframework.boot.test.autoconfigure.web.servlet.MockMvcPrintOnlyOnFailureTestExecutionListener@5ad3dcd9, org.springframework.boot.test.autoconfigure.web.servlet.WebDriverTestExecutionListener@46bd09be, org.springframework.boot.test.autoconfigure.webservices.client.MockWebServiceServerTestExecutionListener@1fc53b84, org.springframework.boot.test.mock.mockito.ResetMocksTestExecutionListener@2d760692]

  .   ____          _            __ _ _
 /\\ / ___'_ __ _ _(_)_ __  __ _ \ \ \ \
( ( )\___ | '_ | '_| | '_ \/ _` | \ \ \ \
 \\/  ___)| |_)| | | | | || (_| |  ) ) ) )
  '  |____| .__|_| |_|_| |_\__, | / / / /
 =========|_|==============|___/=/_/_/_/
 :: Spring Boot ::                (v2.6.4)

2022-06-17 11:25:00.648  INFO 6748 --- [    Test worker] c.f.s.controller.EmployeeControllerTest  : Starting EmployeeControllerTest using Java 17.0.2 on XPS with PID 6748 (started by esthe in C:\Users\esthe\Desktop\s3-estherwolfs-it\s3-ITProject)
2022-06-17 11:25:00.649  INFO 6748 --- [    Test worker] c.f.s.controller.EmployeeControllerTest  : No active profile set, falling back to 1 default profile: "default"
2022-06-17 11:25:00.878  INFO 6748 --- [    Test worker] .s.d.r.c.RepositoryConfigurationDelegate : Bootstrapping Spring Data JPA repositories in DEFAULT mode.
2022-06-17 11:25:00.909  INFO 6748 --- [    Test worker] .s.d.r.c.RepositoryConfigurationDelegate : Finished Spring Data repository scanning in 30 ms. Found 7 JPA repository interfaces.
2022-06-17 11:25:01.041  INFO 6748 --- [    Test worker] trationDelegate$BeanPostProcessorChecker : Bean 'methodSecurityConfig' of type [com.fontys.s3itproject.configuration.security.MethodSecurityConfig$$EnhancerBySpringCGLIB$$1ac5cad6] is not eligible for getting processed by all BeanPostProcessors (for example: not eligible for auto-proxying)
2022-06-17 11:25:01.105  INFO 6748 --- [    Test worker] o.f.c.internal.license.VersionPrinter    : Flyway Community Edition 8.5.5 by Redgate
2022-06-17 11:25:01.106  INFO 6748 --- [    Test worker] o.f.c.internal.license.VersionPrinter    : See what's new here: https://flywaydb.org/documentation/learnmore/releaseNotes#8.5.5
2022-06-17 11:25:01.106  INFO 6748 --- [    Test worker] o.f.c.internal.license.VersionPrinter    : 
2022-06-17 11:25:01.107  INFO 6748 --- [    Test worker] com.zaxxer.hikari.HikariDataSource       : HikariPool-2 - Starting...
2022-06-17 11:25:01.129  INFO 6748 --- [    Test worker] com.zaxxer.hikari.HikariDataSource       : HikariPool-2 - Start completed.
2022-06-17 11:25:01.130  INFO 6748 --- [    Test worker] o.f.c.i.database.base.BaseDatabaseType   : Database: jdbc:mysql://localhost:3306/goldskye_hotel (MySQL 8.0)
2022-06-17 11:25:01.147  INFO 6748 --- [    Test worker] o.f.core.internal.command.DbValidate     : Successfully validated 3 migrations (execution time 00:00.007s)
2022-06-17 11:25:01.158  INFO 6748 --- [    Test worker] o.f.core.internal.command.DbMigrate      : Current version of schema `goldskye_hotel`: 3
2022-06-17 11:25:01.159  INFO 6748 --- [    Test worker] o.f.core.internal.command.DbMigrate      : Schema `goldskye_hotel` is up to date. No migration necessary.
2022-06-17 11:25:01.218  INFO 6748 --- [    Test worker] o.hibernate.jpa.internal.util.LogHelper  : HHH000204: Processing PersistenceUnitInfo [name: default]
2022-06-17 11:25:01.223  INFO 6748 --- [    Test worker] org.hibernate.dialect.Dialect            : HHH000400: Using dialect: org.hibernate.dialect.MySQL8Dialect
2022-06-17 11:25:01.323  INFO 6748 --- [    Test worker] o.h.e.t.j.p.i.JtaPlatformInitiator       : HHH000490: Using JtaPlatform implementation: [org.hibernate.engine.transaction.jta.platform.internal.NoJtaPlatform]
2022-06-17 11:25:01.324  INFO 6748 --- [    Test worker] j.LocalContainerEntityManagerFactoryBean : Initialized JPA EntityManagerFactory for persistence unit 'default'
2022-06-17 11:25:01.829  INFO 6748 --- [    Test worker] .s.s.UserDetailsServiceAutoConfiguration : 

Using generated security password: b4f1cda3-f794-4753-933a-ea940e4f359d

2022-06-17 11:25:01.880  INFO 6748 --- [    Test worker] o.s.s.web.DefaultSecurityFilterChain     : Will not secure any request
2022-06-17 11:25:02.755  INFO 6748 --- [    Test worker] o.s.b.t.m.w.SpringBootMockServletContext : Initializing Spring TestDispatcherServlet ''
2022-06-17 11:25:02.755  INFO 6748 --- [    Test worker] o.s.t.web.servlet.TestDispatcherServlet  : Initializing Servlet ''
2022-06-17 11:25:02.756  INFO 6748 --- [    Test worker] o.s.t.web.servlet.TestDispatcherServlet  : Completed initialization in 1 ms
2022-06-17 11:25:02.765  INFO 6748 --- [    Test worker] o.s.m.s.b.SimpleBrokerMessageHandler     : Starting...
2022-06-17 11:25:02.765  INFO 6748 --- [    Test worker] o.s.m.s.b.SimpleBrokerMessageHandler     : BrokerAvailabilityEvent[available=true, SimpleBrokerMessageHandler [org.springframework.messaging.simp.broker.DefaultSubscriptionRegistry@1220eb72]]
2022-06-17 11:25:02.766  INFO 6748 --- [    Test worker] o.s.m.s.b.SimpleBrokerMessageHandler     : Started.
2022-06-17 11:25:02.767  INFO 6748 --- [    Test worker] c.f.s.controller.EmployeeControllerTest  : Started EmployeeControllerTest in 2.138 seconds (JVM running for 12.09)

MockHttpServletRequest:
      HTTP Method = GET
      Request URI = /api/employees
       Parameters = {}
          Headers = []
             Body = null
    Session Attrs = {}

Handler:
             Type = com.fontys.s3itproject.controller.EmployeeController
           Method = com.fontys.s3itproject.controller.EmployeeController#getEmployees()

Async:
    Async started = false
     Async result = null

Resolved Exception:
             Type = null

ModelAndView:
        View name = null
             View = null
            Model = null

FlashMap:
       Attributes = null

MockHttpServletResponse:
           Status = 200
    Error message = null
          Headers = [Vary:"Origin", "Access-Control-Request-Method", "Access-Control-Request-Headers", Content-Type:"application/json", X-Content-Type-Options:"nosniff", X-XSS-Protection:"1; mode=block", Cache-Control:"no-cache, no-store, max-age=0, must-revalidate", Pragma:"no-cache", Expires:"0", X-Frame-Options:"DENY"]
     Content type = application/json
             Body = {"employees":[{"id":1,"firstName":"Esther","lastName":"Wolfs","email":"estherwolfs@goldskye.com","phoneNumber":"+31612901749","dateOfBirth":"1998-01-01","address":null},{"id":2,"firstName":"John","lastName":"Floreani","email":"johnfloreani@goldskye.com","phoneNumber":"+31648265971","dateOfBirth":"1993-12-31","address":null}]}
    Forwarded URL = null
   Redirected URL = null
          Cookies = []

MockHttpServletRequest:
      HTTP Method = DELETE
      Request URI = /api/employees/1
       Parameters = {}
          Headers = []
             Body = null
    Session Attrs = {}

Handler:
             Type = com.fontys.s3itproject.controller.EmployeeController
           Method = com.fontys.s3itproject.controller.EmployeeController#deleteEmployee(long)

Async:
    Async started = false
     Async result = null

Resolved Exception:
             Type = null

ModelAndView:
        View name = null
             View = null
            Model = null

FlashMap:
       Attributes = null

MockHttpServletResponse:
           Status = 204
    Error message = null
          Headers = [Vary:"Origin", "Access-Control-Request-Method", "Access-Control-Request-Headers", X-Content-Type-Options:"nosniff", X-XSS-Protection:"1; mode=block", Cache-Control:"no-cache, no-store, max-age=0, must-revalidate", Pragma:"no-cache", Expires:"0", X-Frame-Options:"DENY"]
     Content type = null
             Body = 
    Forwarded URL = null
   Redirected URL = null
          Cookies = []

MockHttpServletRequest:
      HTTP Method = GET
      Request URI = /api/employees/1
       Parameters = {}
          Headers = []
             Body = null
    Session Attrs = {}

Handler:
             Type = com.fontys.s3itproject.controller.EmployeeController
           Method = com.fontys.s3itproject.controller.EmployeeController#getEmployee(long)

Async:
    Async started = false
     Async result = null

Resolved Exception:
             Type = null

ModelAndView:
        View name = null
             View = null
            Model = null

FlashMap:
       Attributes = null

MockHttpServletResponse:
           Status = 404
    Error message = null
          Headers = [Vary:"Origin", "Access-Control-Request-Method", "Access-Control-Request-Headers", X-Content-Type-Options:"nosniff", X-XSS-Protection:"1; mode=block", Cache-Control:"no-cache, no-store, max-age=0, must-revalidate", Pragma:"no-cache", Expires:"0", X-Frame-Options:"DENY"]
     Content type = null
             Body = 
    Forwarded URL = null
   Redirected URL = null
          Cookies = []
2022-06-17 11:25:02.997 ERROR 6748 --- [    Test worker] c.f.s.c.e.RestCustomExceptionHandler     : MethodArgumentNotValidException with status status=400 BAD_REQUEST occurred error=org.springframework.web.bind.MethodArgumentNotValidException: Validation failed for argument [0] in public org.springframework.http.ResponseEntity<com.fontys.s3itproject.dto.CreateEmployeeResponseDTO> com.fontys.s3itproject.controller.EmployeeController.createEmployee(com.fontys.s3itproject.dto.CreateEmployeeRequestDTO) with 12 errors: [Field error in object 'createEmployeeRequestDTO' on field 'streetName': rejected value []; codes [NotBlank.createEmployeeRequestDTO.streetName,NotBlank.streetName,NotBlank.java.lang.String,NotBlank]; arguments [org.springframework.context.support.DefaultMessageSourceResolvable: codes [createEmployeeRequestDTO.streetName,streetName]; arguments []; default message [streetName]]; default message [must not be blank]] [Field error in object 'createEmployeeRequestDTO' on field 'zipCode': rejected value []; codes [NotBlank.createEmployeeRequestDTO.zipCode,NotBlank.zipCode,NotBlank.java.lang.String,NotBlank]; arguments [org.springframework.context.support.DefaultMessageSourceResolvable: codes [createEmployeeRequestDTO.zipCode,zipCode]; arguments []; default message [zipCode]]; default message [must not be blank]] [Field error in object 'createEmployeeRequestDTO' on field 'city': rejected value []; codes [NotBlank.createEmployeeRequestDTO.city,NotBlank.city,NotBlank.java.lang.String,NotBlank]; arguments [org.springframework.context.support.DefaultMessageSourceResolvable: codes [createEmployeeRequestDTO.city,city]; arguments []; default message [city]]; default message [must not be blank]] [Field error in object 'createEmployeeRequestDTO' on field 'dateOfBirth': rejected value [null]; codes [NotNull.createEmployeeRequestDTO.dateOfBirth,NotNull.dateOfBirth,NotNull.java.time.LocalDate,NotNull]; arguments [org.springframework.context.support.DefaultMessageSourceResolvable: codes [createEmployeeRequestDTO.dateOfBirth,dateOfBirth]; arguments []; default message [dateOfBirth]]; default message [must not be null]] [Field error in object 'createEmployeeRequestDTO' on field 'streetName': rejected value []; codes [Length.createEmployeeRequestDTO.streetName,Length.streetName,Length.java.lang.String,Length]; arguments [org.springframework.context.support.DefaultMessageSourceResolvable: codes [createEmployeeRequestDTO.streetName,streetName]; arguments []; default message [streetName],50,2]; default message [length must be between 2 and 50]] [Field error in object 'createEmployeeRequestDTO' on field 'lastName': rejected value []; codes [NotBlank.createEmployeeRequestDTO.lastName,NotBlank.lastName,NotBlank.java.lang.String,NotBlank]; arguments [org.springframework.context.support.DefaultMessageSourceResolvable: codes [createEmployeeRequestDTO.lastName,lastName]; arguments []; default message [lastName]]; default message [must not be blank]] [Field error in object 'createEmployeeRequestDTO' on field 'firstName': rejected value []; codes [NotBlank.createEmployeeRequestDTO.firstName,NotBlank.firstName,NotBlank.java.lang.String,NotBlank]; arguments [org.springframework.context.support.DefaultMessageSourceResolvable: codes [createEmployeeRequestDTO.firstName,firstName]; arguments []; default message [firstName]]; default message [must not be blank]] [Field error in object 'createEmployeeRequestDTO' on field 'lastName': rejected value []; codes [Length.createEmployeeRequestDTO.lastName,Length.lastName,Length.java.lang.String,Length]; arguments [org.springframework.context.support.DefaultMessageSourceResolvable: codes [createEmployeeRequestDTO.lastName,lastName]; arguments []; default message [lastName],50,2]; default message [length must be between 2 and 50]] [Field error in object 'createEmployeeRequestDTO' on field 'firstName': rejected value []; codes [Length.createEmployeeRequestDTO.firstName,Length.firstName,Length.java.lang.String,Length]; arguments [org.springframework.context.support.DefaultMessageSourceResolvable: codes [createEmployeeRequestDTO.firstName,firstName]; arguments []; default message [firstName],25,2]; default message [length must be between 2 and 25]] [Field error in object 'createEmployeeRequestDTO' on field 'city': rejected value []; codes [Length.createEmployeeRequestDTO.city,Length.city,Length.java.lang.String,Length]; arguments [org.springframework.context.support.DefaultMessageSourceResolvable: codes [createEmployeeRequestDTO.city,city]; arguments []; default message [city],50,2]; default message [length must be between 2 and 50]] [Field error in object 'createEmployeeRequestDTO' on field 'zipCode': rejected value []; codes [Length.createEmployeeRequestDTO.zipCode,Length.zipCode,Length.java.lang.String,Length]; arguments [org.springframework.context.support.DefaultMessageSourceResolvable: codes [createEmployeeRequestDTO.zipCode,zipCode]; arguments []; default message [zipCode],6,6]; default message [length must be between 6 and 6]] [Field error in object 'createEmployeeRequestDTO' on field 'phoneNumber': rejected value []; codes [NotBlank.createEmployeeRequestDTO.phoneNumber,NotBlank.phoneNumber,NotBlank.java.lang.String,NotBlank]; arguments [org.springframework.context.support.DefaultMessageSourceResolvable: codes [createEmployeeRequestDTO.phoneNumber,phoneNumber]; arguments []; default message [phoneNumber]]; default message [must not be blank]] 

MockHttpServletRequest:
      HTTP Method = POST
      Request URI = /api/employees
       Parameters = {}
          Headers = [Content-Type:"application/json;charset=UTF-8", Content-Length:"228"]
             Body =     {
        "firstName": "",
        "lastName": "",
        "email": "",
        "phoneNumber": "",
        "dateOfBirth": "",
        "password": "",
        "streetName": "",
        "zipCode": "",
        "city": ""
    }

    Session Attrs = {}

Handler:
             Type = com.fontys.s3itproject.controller.EmployeeController
           Method = com.fontys.s3itproject.controller.EmployeeController#createEmployee(CreateEmployeeRequestDTO)

Async:
    Async started = false
     Async result = null

Resolved Exception:
             Type = org.springframework.web.bind.MethodArgumentNotValidException

ModelAndView:
        View name = null
             View = null
            Model = null

FlashMap:
       Attributes = null

MockHttpServletResponse:
           Status = 400
    Error message = null
          Headers = [Vary:"Origin", "Access-Control-Request-Method", "Access-Control-Request-Headers", Content-Type:"application/json", X-Content-Type-Options:"nosniff", X-XSS-Protection:"1; mode=block", Cache-Control:"no-cache, no-store, max-age=0, must-revalidate", Pragma:"no-cache", Expires:"0", X-Frame-Options:"DENY"]
     Content type = application/json
             Body = [{"field":"streetName","error":"must not be blank"},{"field":"zipCode","error":"must not be blank"},{"field":"city","error":"must not be blank"},{"field":"dateOfBirth","error":"must not be null"},{"field":"streetName","error":"length must be between 2 and 50"},{"field":"lastName","error":"must not be blank"},{"field":"firstName","error":"must not be blank"},{"field":"lastName","error":"length must be between 2 and 50"},{"field":"firstName","error":"length must be between 2 and 25"},{"field":"city","error":"length must be between 2 and 50"},{"field":"zipCode","error":"length must be between 6 and 6"},{"field":"phoneNumber","error":"must not be blank"}]
    Forwarded URL = null
   Redirected URL = null
          Cookies = []

MockHttpServletRequest:
      HTTP Method = PUT
      Request URI = /api/employees/1
       Parameters = {}
          Headers = [Content-Type:"application/json;charset=UTF-8", Content-Length:"110"]
             Body =     {
        "firstName": "Esther",
        "lastName": "Wolfs",
        "phoneNumber": "+31612901749"
    }

    Session Attrs = {}

Handler:
             Type = com.fontys.s3itproject.controller.EmployeeController
           Method = com.fontys.s3itproject.controller.EmployeeController#updateEmployee(long, UpdateEmployeeRequestDTO)

Async:
    Async started = false
     Async result = null

Resolved Exception:
             Type = null

ModelAndView:
        View name = null
             View = null
            Model = null

FlashMap:
       Attributes = null

MockHttpServletResponse:
           Status = 204
    Error message = null
          Headers = [Vary:"Origin", "Access-Control-Request-Method", "Access-Control-Request-Headers", X-Content-Type-Options:"nosniff", X-XSS-Protection:"1; mode=block", Cache-Control:"no-cache, no-store, max-age=0, must-revalidate", Pragma:"no-cache", Expires:"0", X-Frame-Options:"DENY"]
     Content type = null
             Body = 
    Forwarded URL = null
   Redirected URL = null
          Cookies = []

MockHttpServletRequest:
      HTTP Method = GET
      Request URI = /api/employees/1
       Parameters = {}
          Headers = []
             Body = null
    Session Attrs = {}

Handler:
             Type = com.fontys.s3itproject.controller.EmployeeController
           Method = com.fontys.s3itproject.controller.EmployeeController#getEmployee(long)

Async:
    Async started = false
     Async result = null

Resolved Exception:
             Type = null

ModelAndView:
        View name = null
             View = null
            Model = null

FlashMap:
       Attributes = null

MockHttpServletResponse:
           Status = 200
    Error message = null
          Headers = [Vary:"Origin", "Access-Control-Request-Method", "Access-Control-Request-Headers", Content-Type:"application/json", X-Content-Type-Options:"nosniff", X-XSS-Protection:"1; mode=block", Cache-Control:"no-cache, no-store, max-age=0, must-revalidate", Pragma:"no-cache", Expires:"0", X-Frame-Options:"DENY"]
     Content type = application/json
             Body = {"id":1,"firstName":"Esther","lastName":"Wolfs","email":"EstherWolfs@goldskye.com","phoneNumber":"+31612901749","dateOfBirth":"1998-01-01","address":{"id":null,"streetName":"Mozartlaan 41","zipCode":"5151KA","city":"Drunen"}}
    Forwarded URL = null
   Redirected URL = null
          Cookies = []

MockHttpServletRequest:
      HTTP Method = POST
      Request URI = /api/employees
       Parameters = {}
          Headers = [Content-Type:"application/json;charset=UTF-8", Content-Length:"275"]
             Body = {
    "firstName": "Esther",
    "lastName": "Wolfs",
    "email": "estherwolfs@goldskye.com",
    "phoneNumber": "+31612901749",
    "dateOfBirth": "1998-01-01",
    "password": "password1",
    "streetName": "Mozartlaan 41",
    "zipCode": "5151KA",
    "city": "Drunen"
}

    Session Attrs = {}

Handler:
             Type = com.fontys.s3itproject.controller.EmployeeController
           Method = com.fontys.s3itproject.controller.EmployeeController#createEmployee(CreateEmployeeRequestDTO)

Async:
    Async started = false
     Async result = null

Resolved Exception:
             Type = null

ModelAndView:
        View name = null
             View = null
            Model = null

FlashMap:
       Attributes = null

MockHttpServletResponse:
           Status = 201
    Error message = null
          Headers = [Vary:"Origin", "Access-Control-Request-Method", "Access-Control-Request-Headers", Content-Type:"application/json", X-Content-Type-Options:"nosniff", X-XSS-Protection:"1; mode=block", Cache-Control:"no-cache, no-store, max-age=0, must-revalidate", Pragma:"no-cache", Expires:"0", X-Frame-Options:"DENY"]
     Content type = application/json
             Body = {"employeeID":1}
    Forwarded URL = null
   Redirected URL = null
          Cookies = []
]]></system-out>
  <system-err><![CDATA[]]></system-err>
</testsuite>
