<?xml version="1.0" encoding="UTF-8"?>
<testsuite name="com.fontys.s3itproject.controller.RoomControllerTest" tests="8" skipped="0" failures="0" errors="0" timestamp="2022-06-17T13:01:24" hostname="XPS" time="0.073">
  <properties/>
  <testcase name="updateRoom_shouldUpdatePriceAndReturn204_whenUpdatingRoom()" classname="com.fontys.s3itproject.controller.RoomControllerTest" time="0.021"/>
  <testcase name="getRoom_shouldReturn200WithRoom()" classname="com.fontys.s3itproject.controller.RoomControllerTest" time="0.006"/>
  <testcase name="getAllRooms_shouldReturn200ResponseWithRoomsArray()" classname="com.fontys.s3itproject.controller.RoomControllerTest" time="0.006"/>
  <testcase name="getFeaturedRooms_shouldReturn200ResponseWithFeaturedRoomsArray()" classname="com.fontys.s3itproject.controller.RoomControllerTest" time="0.005"/>
  <testcase name="getRoom_shouldReturn500InternalServerError_whenLoggedInUserIsNotEmployee()" classname="com.fontys.s3itproject.controller.RoomControllerTest" time="0.008"/>
  <testcase name="createRoom_shouldNotCreateRoomAndReturn400_WhenMissingFields()" classname="com.fontys.s3itproject.controller.RoomControllerTest" time="0.014"/>
  <testcase name="createRoom_shouldCreateRoomAndReturn201_whenRequestValid()" classname="com.fontys.s3itproject.controller.RoomControllerTest" time="0.006"/>
  <testcase name="getRoom_shouldReturn404NotFoundError_whenEmployeeNotFound()" classname="com.fontys.s3itproject.controller.RoomControllerTest" time="0.004"/>
  <system-out><![CDATA[2022-06-17 15:01:23.199  INFO 23264 --- [    Test worker] .b.t.c.SpringBootTestContextBootstrapper : Neither @ContextConfiguration nor @ContextHierarchy found for test class [com.fontys.s3itproject.controller.RoomControllerTest], using SpringBootContextLoader
2022-06-17 15:01:23.199  INFO 23264 --- [    Test worker] o.s.t.c.support.AbstractContextLoader    : Could not detect default resource locations for test class [com.fontys.s3itproject.controller.RoomControllerTest]: no resource found for suffixes {-context.xml, Context.groovy}.
2022-06-17 15:01:23.199  INFO 23264 --- [    Test worker] t.c.s.AnnotationConfigContextLoaderUtils : Could not detect default configuration classes for test class [com.fontys.s3itproject.controller.RoomControllerTest]: RoomControllerTest does not declare any static, non-private, non-final, nested classes annotated with @Configuration.
2022-06-17 15:01:23.200  INFO 23264 --- [    Test worker] .b.t.c.SpringBootTestContextBootstrapper : Found @SpringBootConfiguration com.fontys.s3itproject.S3ItProjectApplication for test class com.fontys.s3itproject.controller.RoomControllerTest
2022-06-17 15:01:23.201  INFO 23264 --- [    Test worker] .b.t.c.SpringBootTestContextBootstrapper : Loaded default TestExecutionListener class names from location [META-INF/spring.factories]: [org.springframework.security.test.context.support.WithSecurityContextTestExecutionListener, org.springframework.security.test.context.support.ReactorContextTestExecutionListener, org.springframework.boot.test.autoconfigure.restdocs.RestDocsTestExecutionListener, org.springframework.boot.test.autoconfigure.web.client.MockRestServiceServerResetTestExecutionListener, org.springframework.boot.test.autoconfigure.web.servlet.MockMvcPrintOnlyOnFailureTestExecutionListener, org.springframework.boot.test.autoconfigure.web.servlet.WebDriverTestExecutionListener, org.springframework.boot.test.autoconfigure.webservices.client.MockWebServiceServerTestExecutionListener, org.springframework.boot.test.mock.mockito.MockitoTestExecutionListener, org.springframework.boot.test.mock.mockito.ResetMocksTestExecutionListener, org.springframework.test.context.web.ServletTestExecutionListener, org.springframework.test.context.support.DirtiesContextBeforeModesTestExecutionListener, org.springframework.test.context.event.ApplicationEventsTestExecutionListener, org.springframework.test.context.support.DependencyInjectionTestExecutionListener, org.springframework.test.context.support.DirtiesContextTestExecutionListener, org.springframework.test.context.transaction.TransactionalTestExecutionListener, org.springframework.test.context.jdbc.SqlScriptsTestExecutionListener, org.springframework.test.context.event.EventPublishingTestExecutionListener]
2022-06-17 15:01:23.201  INFO 23264 --- [    Test worker] .b.t.c.SpringBootTestContextBootstrapper : Using TestExecutionListeners: [org.springframework.test.context.web.ServletTestExecutionListener@5c44897e, org.springframework.test.context.support.DirtiesContextBeforeModesTestExecutionListener@72f294f, org.springframework.test.context.event.ApplicationEventsTestExecutionListener@2f623aeb, org.springframework.boot.test.mock.mockito.MockitoTestExecutionListener@7878adb3, org.springframework.boot.test.autoconfigure.SpringBootDependencyInjectionTestExecutionListener@fc4bb, org.springframework.test.context.support.DirtiesContextTestExecutionListener@7e94e0a4, org.springframework.test.context.transaction.TransactionalTestExecutionListener@401f38ff, org.springframework.test.context.jdbc.SqlScriptsTestExecutionListener@7d37107a, org.springframework.security.test.context.support.WithSecurityContextTestExecutionListener@3e3297b, org.springframework.test.context.event.EventPublishingTestExecutionListener@5aab6863, org.springframework.security.test.context.support.ReactorContextTestExecutionListener@63ca7b09, org.springframework.boot.test.autoconfigure.restdocs.RestDocsTestExecutionListener@26bb13ca, org.springframework.boot.test.autoconfigure.web.client.MockRestServiceServerResetTestExecutionListener@3c894e97, org.springframework.boot.test.autoconfigure.web.servlet.MockMvcPrintOnlyOnFailureTestExecutionListener@3d60c115, org.springframework.boot.test.autoconfigure.web.servlet.WebDriverTestExecutionListener@dc2f783, org.springframework.boot.test.autoconfigure.webservices.client.MockWebServiceServerTestExecutionListener@731990b2, org.springframework.boot.test.mock.mockito.ResetMocksTestExecutionListener@51285b0]

  .   ____          _            __ _ _
 /\\ / ___'_ __ _ _(_)_ __  __ _ \ \ \ \
( ( )\___ | '_ | '_| | '_ \/ _` | \ \ \ \
 \\/  ___)| |_)| | | | | || (_| |  ) ) ) )
  '  |____| .__|_| |_|_| |_\__, | / / / /
 =========|_|==============|___/=/_/_/_/
 :: Spring Boot ::                (v2.6.4)

2022-06-17 15:01:23.211  INFO 23264 --- [    Test worker] c.f.s.controller.RoomControllerTest      : Starting RoomControllerTest using Java 17.0.2 on XPS with PID 23264 (started by esthe in C:\Users\esthe\Desktop\s3-estherwolfs-it\s3-ITProject)
2022-06-17 15:01:23.211  INFO 23264 --- [    Test worker] c.f.s.controller.RoomControllerTest      : No active profile set, falling back to 1 default profile: "default"
2022-06-17 15:01:23.475  INFO 23264 --- [    Test worker] .s.d.r.c.RepositoryConfigurationDelegate : Bootstrapping Spring Data JPA repositories in DEFAULT mode.
2022-06-17 15:01:23.514  INFO 23264 --- [    Test worker] .s.d.r.c.RepositoryConfigurationDelegate : Finished Spring Data repository scanning in 38 ms. Found 7 JPA repository interfaces.
2022-06-17 15:01:23.598  INFO 23264 --- [    Test worker] trationDelegate$BeanPostProcessorChecker : Bean 'methodSecurityConfig' of type [com.fontys.s3itproject.configuration.security.MethodSecurityConfig$$EnhancerBySpringCGLIB$$64d4cdfd] is not eligible for getting processed by all BeanPostProcessors (for example: not eligible for auto-proxying)
2022-06-17 15:01:23.637  INFO 23264 --- [    Test worker] o.f.c.internal.license.VersionPrinter    : Flyway Community Edition 8.5.5 by Redgate
2022-06-17 15:01:23.637  INFO 23264 --- [    Test worker] o.f.c.internal.license.VersionPrinter    : See what's new here: https://flywaydb.org/documentation/learnmore/releaseNotes#8.5.5
2022-06-17 15:01:23.638  INFO 23264 --- [    Test worker] o.f.c.internal.license.VersionPrinter    : 
2022-06-17 15:01:23.639  INFO 23264 --- [    Test worker] com.zaxxer.hikari.HikariDataSource       : HikariPool-6 - Starting...
2022-06-17 15:01:23.654  INFO 23264 --- [    Test worker] com.zaxxer.hikari.HikariDataSource       : HikariPool-6 - Start completed.
2022-06-17 15:01:23.655  INFO 23264 --- [    Test worker] o.f.c.i.database.base.BaseDatabaseType   : Database: jdbc:mysql://localhost:3306/goldskye_hotel (MySQL 8.0)
2022-06-17 15:01:23.666  INFO 23264 --- [    Test worker] o.f.core.internal.command.DbValidate     : Successfully validated 3 migrations (execution time 00:00.004s)
2022-06-17 15:01:23.670  INFO 23264 --- [    Test worker] o.f.core.internal.command.DbMigrate      : Current version of schema `goldskye_hotel`: 3
2022-06-17 15:01:23.671  INFO 23264 --- [    Test worker] o.f.core.internal.command.DbMigrate      : Schema `goldskye_hotel` is up to date. No migration necessary.
2022-06-17 15:01:23.697  INFO 23264 --- [    Test worker] o.hibernate.jpa.internal.util.LogHelper  : HHH000204: Processing PersistenceUnitInfo [name: default]
2022-06-17 15:01:23.700  INFO 23264 --- [    Test worker] org.hibernate.dialect.Dialect            : HHH000400: Using dialect: org.hibernate.dialect.MySQL8Dialect
2022-06-17 15:01:23.763  INFO 23264 --- [    Test worker] o.h.e.t.j.p.i.JtaPlatformInitiator       : HHH000490: Using JtaPlatform implementation: [org.hibernate.engine.transaction.jta.platform.internal.NoJtaPlatform]
2022-06-17 15:01:23.764  INFO 23264 --- [    Test worker] j.LocalContainerEntityManagerFactoryBean : Initialized JPA EntityManagerFactory for persistence unit 'default'
2022-06-17 15:01:24.012  INFO 23264 --- [    Test worker] .s.s.UserDetailsServiceAutoConfiguration : 

Using generated security password: 60ed32ac-1df1-469b-a38f-88b402b18f0a

2022-06-17 15:01:24.043  INFO 23264 --- [    Test worker] o.s.s.web.DefaultSecurityFilterChain     : Will not secure any request
2022-06-17 15:01:24.497  INFO 23264 --- [    Test worker] o.s.b.t.m.w.SpringBootMockServletContext : Initializing Spring TestDispatcherServlet ''
2022-06-17 15:01:24.498  INFO 23264 --- [    Test worker] o.s.t.web.servlet.TestDispatcherServlet  : Initializing Servlet ''
2022-06-17 15:01:24.498  INFO 23264 --- [    Test worker] o.s.t.web.servlet.TestDispatcherServlet  : Completed initialization in 0 ms
2022-06-17 15:01:24.506  INFO 23264 --- [    Test worker] o.s.m.s.b.SimpleBrokerMessageHandler     : Starting...
2022-06-17 15:01:24.506  INFO 23264 --- [    Test worker] o.s.m.s.b.SimpleBrokerMessageHandler     : BrokerAvailabilityEvent[available=true, SimpleBrokerMessageHandler [org.springframework.messaging.simp.broker.DefaultSubscriptionRegistry@1ef0bcbd]]
2022-06-17 15:01:24.506  INFO 23264 --- [    Test worker] o.s.m.s.b.SimpleBrokerMessageHandler     : Started.
2022-06-17 15:01:24.508  INFO 23264 --- [    Test worker] c.f.s.controller.RoomControllerTest      : Started RoomControllerTest in 1.305 seconds (JVM running for 21.482)

MockHttpServletRequest:
      HTTP Method = PUT
      Request URI = /api/rooms/1
       Parameters = {}
          Headers = [Content-Type:"application/json;charset=UTF-8", Content-Length:"106"]
             Body =     {
        "pricePerNight": 75,
        "imageUrl": "not null",
        "totalAmountInHotel": 10
    }

    Session Attrs = {}

Handler:
             Type = com.fontys.s3itproject.controller.RoomController
           Method = com.fontys.s3itproject.controller.RoomController#updateRoom(long, UpdateRoomRequestDTO)

Async:
    Async started = false
     Async result = null

Resolved Exception:
             Type = null

ModelAndView:
        View name = null
             View = null
            Model = null

FlashMap:
       Attributes = null

MockHttpServletResponse:
           Status = 204
    Error message = null
          Headers = [Vary:"Origin", "Access-Control-Request-Method", "Access-Control-Request-Headers", X-Content-Type-Options:"nosniff", X-XSS-Protection:"1; mode=block", Cache-Control:"no-cache, no-store, max-age=0, must-revalidate", Pragma:"no-cache", Expires:"0", X-Frame-Options:"DENY"]
     Content type = null
             Body = 
    Forwarded URL = null
   Redirected URL = null
          Cookies = []

MockHttpServletRequest:
      HTTP Method = GET
      Request URI = /api/rooms/1
       Parameters = {}
          Headers = []
             Body = null
    Session Attrs = {}

Handler:
             Type = com.fontys.s3itproject.controller.RoomController
           Method = com.fontys.s3itproject.controller.RoomController#getRoom(long)

Async:
    Async started = false
     Async result = null

Resolved Exception:
             Type = null

ModelAndView:
        View name = null
             View = null
            Model = null

FlashMap:
       Attributes = null

MockHttpServletResponse:
           Status = 200
    Error message = null
          Headers = [Vary:"Origin", "Access-Control-Request-Method", "Access-Control-Request-Headers", Content-Type:"application/json", X-Content-Type-Options:"nosniff", X-XSS-Protection:"1; mode=block", Cache-Control:"no-cache, no-store, max-age=0, must-revalidate", Pragma:"no-cache", Expires:"0", X-Frame-Options:"DENY"]
     Content type = application/json
             Body = {"id":1,"capacity":0,"pricePerNight":0.0,"imageUrl":null,"roomType":"Single","totalAmountInHotel":0,"featured":false}
    Forwarded URL = null
   Redirected URL = null
          Cookies = []

MockHttpServletRequest:
      HTTP Method = GET
      Request URI = /api/rooms
       Parameters = {}
          Headers = []
             Body = null
    Session Attrs = {}

Handler:
             Type = com.fontys.s3itproject.controller.RoomController
           Method = com.fontys.s3itproject.controller.RoomController#getRooms()

Async:
    Async started = false
     Async result = null

Resolved Exception:
             Type = null

ModelAndView:
        View name = null
             View = null
            Model = null

FlashMap:
       Attributes = null

MockHttpServletResponse:
           Status = 200
    Error message = null
          Headers = [Vary:"Origin", "Access-Control-Request-Method", "Access-Control-Request-Headers", Content-Type:"application/json", X-Content-Type-Options:"nosniff", X-XSS-Protection:"1; mode=block", Cache-Control:"no-cache, no-store, max-age=0, must-revalidate", Pragma:"no-cache", Expires:"0", X-Frame-Options:"DENY"]
     Content type = application/json
             Body = {"rooms":[{"id":1,"capacity":1,"pricePerNight":50.0,"imageUrl":"","roomType":"Single","totalAmountInHotel":10,"featured":true},{"id":2,"capacity":2,"pricePerNight":75.0,"imageUrl":"","roomType":"Double","totalAmountInHotel":15,"featured":false},{"id":3,"capacity":4,"pricePerNight":100.0,"imageUrl":"","roomType":"Family","totalAmountInHotel":20,"featured":true}]}
    Forwarded URL = null
   Redirected URL = null
          Cookies = []

MockHttpServletRequest:
      HTTP Method = GET
      Request URI = /api/rooms/featured
       Parameters = {}
          Headers = []
             Body = null
    Session Attrs = {}

Handler:
             Type = com.fontys.s3itproject.controller.RoomController
           Method = com.fontys.s3itproject.controller.RoomController#getFeaturedRooms()

Async:
    Async started = false
     Async result = null

Resolved Exception:
             Type = null

ModelAndView:
        View name = null
             View = null
            Model = null

FlashMap:
       Attributes = null

MockHttpServletResponse:
           Status = 200
    Error message = null
          Headers = [Vary:"Origin", "Access-Control-Request-Method", "Access-Control-Request-Headers", Content-Type:"application/json", X-Content-Type-Options:"nosniff", X-XSS-Protection:"1; mode=block", Cache-Control:"no-cache, no-store, max-age=0, must-revalidate", Pragma:"no-cache", Expires:"0", X-Frame-Options:"DENY"]
     Content type = application/json
             Body = {"rooms":[{"id":1,"capacity":1,"pricePerNight":50.0,"imageUrl":"","roomType":"Single","totalAmountInHotel":10,"featured":true},{"id":3,"capacity":4,"pricePerNight":100.0,"imageUrl":"","roomType":"Family","totalAmountInHotel":15,"featured":true}]}
    Forwarded URL = null
   Redirected URL = null
          Cookies = []
2022-06-17 15:01:24.556 ERROR 23264 --- [    Test worker] c.f.s.c.e.RestCustomExceptionHandler     : Internal server error occurred error=org.springframework.security.access.AccessDeniedException: Access is denied

MockHttpServletRequest:
      HTTP Method = GET
      Request URI = /api/rooms/1
       Parameters = {}
          Headers = []
             Body = null
    Session Attrs = {}

Handler:
             Type = com.fontys.s3itproject.controller.RoomController
           Method = com.fontys.s3itproject.controller.RoomController#getRoom(long)

Async:
    Async started = false
     Async result = null

Resolved Exception:
             Type = org.springframework.security.access.AccessDeniedException

ModelAndView:
        View name = null
             View = null
            Model = null

FlashMap:
       Attributes = null

MockHttpServletResponse:
           Status = 500
    Error message = null
          Headers = [Vary:"Origin", "Access-Control-Request-Method", "Access-Control-Request-Headers", Content-Type:"text/plain;charset=UTF-8", Content-Length:"23", X-Content-Type-Options:"nosniff", X-XSS-Protection:"1; mode=block", Cache-Control:"no-cache, no-store, max-age=0, must-revalidate", Pragma:"no-cache", Expires:"0", X-Frame-Options:"DENY"]
     Content type = text/plain;charset=UTF-8
             Body = Internal service error.
    Forwarded URL = null
   Redirected URL = null
          Cookies = []
2022-06-17 15:01:24.569 ERROR 23264 --- [    Test worker] c.f.s.c.e.RestCustomExceptionHandler     : MethodArgumentNotValidException with status status=400 BAD_REQUEST occurred error=org.springframework.web.bind.MethodArgumentNotValidException: Validation failed for argument [0] in public org.springframework.http.ResponseEntity<com.fontys.s3itproject.dto.CreateRoomResponseDTO> com.fontys.s3itproject.controller.RoomController.createRoom(com.fontys.s3itproject.dto.CreateRoomRequestDTO) with 4 errors: [Field error in object 'createRoomRequestDTO' on field 'roomType': rejected value []; codes [NotBlank.createRoomRequestDTO.roomType,NotBlank.roomType,NotBlank.java.lang.String,NotBlank]; arguments [org.springframework.context.support.DefaultMessageSourceResolvable: codes [createRoomRequestDTO.roomType,roomType]; arguments []; default message [roomType]]; default message [must not be blank]] [Field error in object 'createRoomRequestDTO' on field 'capacity': rejected value [0]; codes [Min.createRoomRequestDTO.capacity,Min.capacity,Min.int,Min]; arguments [org.springframework.context.support.DefaultMessageSourceResolvable: codes [createRoomRequestDTO.capacity,capacity]; arguments []; default message [capacity],1]; default message [must be greater than or equal to 1]] [Field error in object 'createRoomRequestDTO' on field 'roomType': rejected value []; codes [Length.createRoomRequestDTO.roomType,Length.roomType,Length.java.lang.String,Length]; arguments [org.springframework.context.support.DefaultMessageSourceResolvable: codes [createRoomRequestDTO.roomType,roomType]; arguments []; default message [roomType],25,1]; default message [length must be between 1 and 25]] [Field error in object 'createRoomRequestDTO' on field 'pricePerNight': rejected value [0.0]; codes [Min.createRoomRequestDTO.pricePerNight,Min.pricePerNight,Min.double,Min]; arguments [org.springframework.context.support.DefaultMessageSourceResolvable: codes [createRoomRequestDTO.pricePerNight,pricePerNight]; arguments []; default message [pricePerNight],45]; default message [must be greater than or equal to 45]] 

MockHttpServletRequest:
      HTTP Method = POST
      Request URI = /api/rooms
       Parameters = {}
          Headers = [Content-Type:"application/json;charset=UTF-8", Content-Length:"166"]
             Body =     {
        "capacity": 0,
        "pricePerNight": 0,
        "imageUrl": "",
        "roomType": "",
        "featured": 0,
        "totalAmountInHotel": 0
    }

    Session Attrs = {}

Handler:
             Type = com.fontys.s3itproject.controller.RoomController
           Method = com.fontys.s3itproject.controller.RoomController#createRoom(CreateRoomRequestDTO)

Async:
    Async started = false
     Async result = null

Resolved Exception:
             Type = org.springframework.web.bind.MethodArgumentNotValidException

ModelAndView:
        View name = null
             View = null
            Model = null

FlashMap:
       Attributes = null

MockHttpServletResponse:
           Status = 400
    Error message = null
          Headers = [Vary:"Origin", "Access-Control-Request-Method", "Access-Control-Request-Headers", Content-Type:"application/json", X-Content-Type-Options:"nosniff", X-XSS-Protection:"1; mode=block", Cache-Control:"no-cache, no-store, max-age=0, must-revalidate", Pragma:"no-cache", Expires:"0", X-Frame-Options:"DENY"]
     Content type = application/json
             Body = [{"field":"roomType","error":"must not be blank"},{"field":"capacity","error":"must be greater than or equal to 1"},{"field":"roomType","error":"length must be between 1 and 25"},{"field":"pricePerNight","error":"must be greater than or equal to 45"}]
    Forwarded URL = null
   Redirected URL = null
          Cookies = []

MockHttpServletRequest:
      HTTP Method = POST
      Request URI = /api/rooms
       Parameters = {}
          Headers = [Content-Type:"application/json;charset=UTF-8", Content-Length:"174"]
             Body =     {
        "capacity": 1,
        "pricePerNight": 50,
        "imageUrl": "",
        "roomType": "Single",
        "featured": 0,
        "totalAmountInHotel": 10
    }

    Session Attrs = {}

Handler:
             Type = com.fontys.s3itproject.controller.RoomController
           Method = com.fontys.s3itproject.controller.RoomController#createRoom(CreateRoomRequestDTO)

Async:
    Async started = false
     Async result = null

Resolved Exception:
             Type = null

ModelAndView:
        View name = null
             View = null
            Model = null

FlashMap:
       Attributes = null

MockHttpServletResponse:
           Status = 201
    Error message = null
          Headers = [Vary:"Origin", "Access-Control-Request-Method", "Access-Control-Request-Headers", Content-Type:"application/json", X-Content-Type-Options:"nosniff", X-XSS-Protection:"1; mode=block", Cache-Control:"no-cache, no-store, max-age=0, must-revalidate", Pragma:"no-cache", Expires:"0", X-Frame-Options:"DENY"]
     Content type = application/json
             Body = {"roomID":1}
    Forwarded URL = null
   Redirected URL = null
          Cookies = []

MockHttpServletRequest:
      HTTP Method = GET
      Request URI = /api/rooms/1
       Parameters = {}
          Headers = []
             Body = null
    Session Attrs = {}

Handler:
             Type = com.fontys.s3itproject.controller.RoomController
           Method = com.fontys.s3itproject.controller.RoomController#getRoom(long)

Async:
    Async started = false
     Async result = null

Resolved Exception:
             Type = null

ModelAndView:
        View name = null
             View = null
            Model = null

FlashMap:
       Attributes = null

MockHttpServletResponse:
           Status = 404
    Error message = null
          Headers = [Vary:"Origin", "Access-Control-Request-Method", "Access-Control-Request-Headers", X-Content-Type-Options:"nosniff", X-XSS-Protection:"1; mode=block", Cache-Control:"no-cache, no-store, max-age=0, must-revalidate", Pragma:"no-cache", Expires:"0", X-Frame-Options:"DENY"]
     Content type = null
             Body = 
    Forwarded URL = null
   Redirected URL = null
          Cookies = []
]]></system-out>
  <system-err><![CDATA[]]></system-err>
</testsuite>
