<?xml version="1.0" encoding="UTF-8"?>
<testsuite name="com.fontys.s3itproject.controller.LoginControllerTest" tests="2" skipped="0" failures="0" errors="0" timestamp="2022-06-17T13:01:21" hostname="XPS" time="0.015">
  <properties/>
  <testcase name="login_shouldReturn200ResponseWithAccessToken_whenLoginSuccessful()" classname="com.fontys.s3itproject.controller.LoginControllerTest" time="0.012"/>
  <testcase name="login_shouldReturn400Response_whenInvalidCredentials()" classname="com.fontys.s3itproject.controller.LoginControllerTest" time="0.002"/>
  <system-out><![CDATA[2022-06-17 15:01:19.991  INFO 23264 --- [    Test worker] .b.t.c.SpringBootTestContextBootstrapper : Neither @ContextConfiguration nor @ContextHierarchy found for test class [com.fontys.s3itproject.controller.LoginControllerTest], using SpringBootContextLoader
2022-06-17 15:01:19.991  INFO 23264 --- [    Test worker] o.s.t.c.support.AbstractContextLoader    : Could not detect default resource locations for test class [com.fontys.s3itproject.controller.LoginControllerTest]: no resource found for suffixes {-context.xml, Context.groovy}.
2022-06-17 15:01:19.991  INFO 23264 --- [    Test worker] t.c.s.AnnotationConfigContextLoaderUtils : Could not detect default configuration classes for test class [com.fontys.s3itproject.controller.LoginControllerTest]: LoginControllerTest does not declare any static, non-private, non-final, nested classes annotated with @Configuration.
2022-06-17 15:01:19.993  INFO 23264 --- [    Test worker] .b.t.c.SpringBootTestContextBootstrapper : Found @SpringBootConfiguration com.fontys.s3itproject.S3ItProjectApplication for test class com.fontys.s3itproject.controller.LoginControllerTest
2022-06-17 15:01:19.994  INFO 23264 --- [    Test worker] .b.t.c.SpringBootTestContextBootstrapper : Loaded default TestExecutionListener class names from location [META-INF/spring.factories]: [org.springframework.security.test.context.support.WithSecurityContextTestExecutionListener, org.springframework.security.test.context.support.ReactorContextTestExecutionListener, org.springframework.boot.test.autoconfigure.restdocs.RestDocsTestExecutionListener, org.springframework.boot.test.autoconfigure.web.client.MockRestServiceServerResetTestExecutionListener, org.springframework.boot.test.autoconfigure.web.servlet.MockMvcPrintOnlyOnFailureTestExecutionListener, org.springframework.boot.test.autoconfigure.web.servlet.WebDriverTestExecutionListener, org.springframework.boot.test.autoconfigure.webservices.client.MockWebServiceServerTestExecutionListener, org.springframework.boot.test.mock.mockito.MockitoTestExecutionListener, org.springframework.boot.test.mock.mockito.ResetMocksTestExecutionListener, org.springframework.test.context.web.ServletTestExecutionListener, org.springframework.test.context.support.DirtiesContextBeforeModesTestExecutionListener, org.springframework.test.context.event.ApplicationEventsTestExecutionListener, org.springframework.test.context.support.DependencyInjectionTestExecutionListener, org.springframework.test.context.support.DirtiesContextTestExecutionListener, org.springframework.test.context.transaction.TransactionalTestExecutionListener, org.springframework.test.context.jdbc.SqlScriptsTestExecutionListener, org.springframework.test.context.event.EventPublishingTestExecutionListener]
2022-06-17 15:01:19.994  INFO 23264 --- [    Test worker] .b.t.c.SpringBootTestContextBootstrapper : Using TestExecutionListeners: [org.springframework.test.context.web.ServletTestExecutionListener@239f991e, org.springframework.test.context.support.DirtiesContextBeforeModesTestExecutionListener@4b9b1c0e, org.springframework.test.context.event.ApplicationEventsTestExecutionListener@f31944b, org.springframework.boot.test.mock.mockito.MockitoTestExecutionListener@7074ec88, org.springframework.boot.test.autoconfigure.SpringBootDependencyInjectionTestExecutionListener@2f7cccf1, org.springframework.test.context.support.DirtiesContextTestExecutionListener@3c94ce7c, org.springframework.test.context.transaction.TransactionalTestExecutionListener@3f049669, org.springframework.test.context.jdbc.SqlScriptsTestExecutionListener@68432dad, org.springframework.security.test.context.support.WithSecurityContextTestExecutionListener@21117f10, org.springframework.test.context.event.EventPublishingTestExecutionListener@3b6cb260, org.springframework.security.test.context.support.ReactorContextTestExecutionListener@20c0ccba, org.springframework.boot.test.autoconfigure.restdocs.RestDocsTestExecutionListener@519fb34a, org.springframework.boot.test.autoconfigure.web.client.MockRestServiceServerResetTestExecutionListener@7bdcbf96, org.springframework.boot.test.autoconfigure.web.servlet.MockMvcPrintOnlyOnFailureTestExecutionListener@25fdfd3f, org.springframework.boot.test.autoconfigure.web.servlet.WebDriverTestExecutionListener@3fe5026, org.springframework.boot.test.autoconfigure.webservices.client.MockWebServiceServerTestExecutionListener@2fd7b6f0, org.springframework.boot.test.mock.mockito.ResetMocksTestExecutionListener@31699c93]

  .   ____          _            __ _ _
 /\\ / ___'_ __ _ _(_)_ __  __ _ \ \ \ \
( ( )\___ | '_ | '_| | '_ \/ _` | \ \ \ \
 \\/  ___)| |_)| | | | | || (_| |  ) ) ) )
  '  |____| .__|_| |_|_| |_\__, | / / / /
 =========|_|==============|___/=/_/_/_/
 :: Spring Boot ::                (v2.6.4)

2022-06-17 15:01:20.338  INFO 23264 --- [    Test worker] c.f.s.controller.LoginControllerTest     : Starting LoginControllerTest using Java 17.0.2 on XPS with PID 23264 (started by esthe in C:\Users\esthe\Desktop\s3-estherwolfs-it\s3-ITProject)
2022-06-17 15:01:20.338  INFO 23264 --- [    Test worker] c.f.s.controller.LoginControllerTest     : No active profile set, falling back to 1 default profile: "default"
2022-06-17 15:01:20.515  INFO 23264 --- [    Test worker] .s.d.r.c.RepositoryConfigurationDelegate : Bootstrapping Spring Data JPA repositories in DEFAULT mode.
2022-06-17 15:01:20.547  INFO 23264 --- [    Test worker] .s.d.r.c.RepositoryConfigurationDelegate : Finished Spring Data repository scanning in 32 ms. Found 7 JPA repository interfaces.
2022-06-17 15:01:20.639  INFO 23264 --- [    Test worker] trationDelegate$BeanPostProcessorChecker : Bean 'methodSecurityConfig' of type [com.fontys.s3itproject.configuration.security.MethodSecurityConfig$$EnhancerBySpringCGLIB$$64d4cdfd] is not eligible for getting processed by all BeanPostProcessors (for example: not eligible for auto-proxying)
2022-06-17 15:01:20.683  INFO 23264 --- [    Test worker] o.f.c.internal.license.VersionPrinter    : Flyway Community Edition 8.5.5 by Redgate
2022-06-17 15:01:20.683  INFO 23264 --- [    Test worker] o.f.c.internal.license.VersionPrinter    : See what's new here: https://flywaydb.org/documentation/learnmore/releaseNotes#8.5.5
2022-06-17 15:01:20.683  INFO 23264 --- [    Test worker] o.f.c.internal.license.VersionPrinter    : 
2022-06-17 15:01:20.684  INFO 23264 --- [    Test worker] com.zaxxer.hikari.HikariDataSource       : HikariPool-4 - Starting...
2022-06-17 15:01:20.700  INFO 23264 --- [    Test worker] com.zaxxer.hikari.HikariDataSource       : HikariPool-4 - Start completed.
2022-06-17 15:01:20.701  INFO 23264 --- [    Test worker] o.f.c.i.database.base.BaseDatabaseType   : Database: jdbc:mysql://localhost:3306/goldskye_hotel (MySQL 8.0)
2022-06-17 15:01:20.717  INFO 23264 --- [    Test worker] o.f.core.internal.command.DbValidate     : Successfully validated 3 migrations (execution time 00:00.008s)
2022-06-17 15:01:20.724  INFO 23264 --- [    Test worker] o.f.core.internal.command.DbMigrate      : Current version of schema `goldskye_hotel`: 3
2022-06-17 15:01:20.725  INFO 23264 --- [    Test worker] o.f.core.internal.command.DbMigrate      : Schema `goldskye_hotel` is up to date. No migration necessary.
2022-06-17 15:01:20.771  INFO 23264 --- [    Test worker] o.hibernate.jpa.internal.util.LogHelper  : HHH000204: Processing PersistenceUnitInfo [name: default]
2022-06-17 15:01:20.776  INFO 23264 --- [    Test worker] org.hibernate.dialect.Dialect            : HHH000400: Using dialect: org.hibernate.dialect.MySQL8Dialect
2022-06-17 15:01:20.872  INFO 23264 --- [    Test worker] o.h.e.t.j.p.i.JtaPlatformInitiator       : HHH000490: Using JtaPlatform implementation: [org.hibernate.engine.transaction.jta.platform.internal.NoJtaPlatform]
2022-06-17 15:01:20.872  INFO 23264 --- [    Test worker] j.LocalContainerEntityManagerFactoryBean : Initialized JPA EntityManagerFactory for persistence unit 'default'
2022-06-17 15:01:21.220  INFO 23264 --- [    Test worker] .s.s.UserDetailsServiceAutoConfiguration : 

Using generated security password: 895a744a-73fa-43e8-bc41-720db7f98d12

2022-06-17 15:01:21.257  INFO 23264 --- [    Test worker] o.s.s.web.DefaultSecurityFilterChain     : Will not secure any request
2022-06-17 15:01:21.891  INFO 23264 --- [    Test worker] o.s.b.t.m.w.SpringBootMockServletContext : Initializing Spring TestDispatcherServlet ''
2022-06-17 15:01:21.891  INFO 23264 --- [    Test worker] o.s.t.web.servlet.TestDispatcherServlet  : Initializing Servlet ''
2022-06-17 15:01:21.892  INFO 23264 --- [    Test worker] o.s.t.web.servlet.TestDispatcherServlet  : Completed initialization in 1 ms
2022-06-17 15:01:21.898  INFO 23264 --- [    Test worker] o.s.m.s.b.SimpleBrokerMessageHandler     : Starting...
2022-06-17 15:01:21.898  INFO 23264 --- [    Test worker] o.s.m.s.b.SimpleBrokerMessageHandler     : BrokerAvailabilityEvent[available=true, SimpleBrokerMessageHandler [org.springframework.messaging.simp.broker.DefaultSubscriptionRegistry@162e4cc7]]
2022-06-17 15:01:21.898  INFO 23264 --- [    Test worker] o.s.m.s.b.SimpleBrokerMessageHandler     : Started.
2022-06-17 15:01:21.901  INFO 23264 --- [    Test worker] c.f.s.controller.LoginControllerTest     : Started LoginControllerTest in 1.906 seconds (JVM running for 18.877)

MockHttpServletRequest:
      HTTP Method = POST
      Request URI = /api/login
       Parameters = {}
          Headers = [Content-Type:"application/json;charset=UTF-8", Content-Length:"57"]
             Body = {
    "username": "Esther",
    "password": "password"
}

    Session Attrs = {}

Handler:
             Type = com.fontys.s3itproject.controller.LoginController
           Method = com.fontys.s3itproject.controller.LoginController#login(LoginRequestDTO)

Async:
    Async started = false
     Async result = null

Resolved Exception:
             Type = null

ModelAndView:
        View name = null
             View = null
            Model = null

FlashMap:
       Attributes = null

MockHttpServletResponse:
           Status = 200
    Error message = null
          Headers = [Vary:"Origin", "Access-Control-Request-Method", "Access-Control-Request-Headers", Content-Type:"application/json", X-Content-Type-Options:"nosniff", X-XSS-Protection:"1; mode=block", Cache-Control:"no-cache, no-store, max-age=0, must-revalidate", Pragma:"no-cache", Expires:"0", X-Frame-Options:"DENY"]
     Content type = application/json
             Body = {"accessToken":"accessToken"}
    Forwarded URL = null
   Redirected URL = null
          Cookies = []
]]></system-out>
  <system-err><![CDATA[]]></system-err>
</testsuite>
